<?xml version="1.0" encoding="UTF-8"?>
<!-- Generated by org.testng.reporters.JUnitReportReporter -->
<testsuite hostname="LENOVO" failures="0" tests="1" name="com.flipkart.qa.test.LoginPageTest" time="13.451" errors="0" timestamp="2023-07-23T22:39:06 IST" skipped="0">
  <testcase classname="com.flipkart.qa.test.LoginPageTest" name="validateUserName" time="13.451"/>
  <system-out/>
</testsuite> <!-- com.flipkart.qa.test.LoginPageTest -->
