<?xml version="1.0" encoding="UTF-8"?>
<!-- Generated by org.testng.reporters.JUnitReportReporter -->
<testsuite hostname="LENOVO" failures="0" tests="2" name="com.amazon.qa.test.FK_TC4400_ValidateResultDisplay" time="26.166" errors="0" timestamp="2023-08-02T15:20:00 IST" skipped="0">
  <testcase classname="com.amazon.qa.test.FK_TC4400_ValidateResultDisplay" name="validateIsResultDisplay" time="11.220"/>
  <system-out>
    <![CDATA[entering product name in search box
clicking on searchButton
TC validateIsResultDisplay is passed]]>
  </system-out>
  <testcase classname="com.amazon.qa.test.FK_TC4400_ValidateResultDisplay" name="validateIsResultDisplay" time="14.946"/>
  <system-out>
    <![CDATA[entering product name in search box
clicking on searchButton
TC validateIsResultDisplay is passed]]>
  </system-out>
</testsuite> <!-- com.amazon.qa.test.FK_TC4400_ValidateResultDisplay -->
