<?xml version="1.0" encoding="UTF-8"?>
<!-- Generated by org.testng.reporters.JUnitReportReporter -->
<testsuite hostname="LENOVO" failures="0" tests="1" name="com.amazon.qa.test.LoginPageTest" time="80.761" errors="0" timestamp="2023-08-08T20:01:38 IST" skipped="0">
  <testcase classname="com.amazon.qa.test.LoginPageTest" name="ValidateUserName" time="80.761"/>
  <system-out>
    <![CDATA[getting the user Name
TC ValidateUserName is passed]]>
  </system-out>
</testsuite> <!-- com.amazon.qa.test.LoginPageTest -->
